#-----------------------------------------------------------
# Vivado v2016.2 (64-bit)
# SW Build 1577090 on Thu Jun  2 16:32:40 MDT 2016
# IP Build 1577682 on Fri Jun  3 12:00:54 MDT 2016
# Start of session at: Wed Sep 13 21:30:21 2017
# Process ID: 3040
# Current directory: D:/ISE/hw/hw 1
# Command line: vivado.exe -gui_launcher_event rodinguilauncherevent3944 D:\ISE\hw\hw 1\hw.xpr
# Log file: D:/ISE/hw/hw 1/vivado.log
# Journal file: D:/ISE/hw/hw 1\vivado.jou
#-----------------------------------------------------------
start_gui
open_project {D:/ISE/hw/hw 1/hw.xpr}
INFO: [Project 1-313] Project file moved from 'D:/ISE/hw/hw' since last save.
Scanning sources...
Finished scanning sources
INFO: [IP_Flow 19-234] Refreshing IP repositories
INFO: [IP_Flow 19-1704] No user IP repositories specified
INFO: [IP_Flow 19-2313] Loaded Vivado IP repository 'E:/Vivado/2016.2/data/ip'.
open_project: Time (s): cpu = 00:00:33 ; elapsed = 00:00:18 . Memory (MB): peak = 836.730 ; gain = 175.160
update_compile_order -fileset sources_1
INFO: [Device 21-403] Loading part xc7k325tffg676-2L
WARNING: [IP_Flow 19-4067] Ignoring invalid widget type specified checkbox.Providing a default widget
WARNING: [IP_Flow 19-4067] Ignoring invalid widget type specified checkbox.Providing a default widget
set_property -dict [list CONFIG.Memory_Type {True_Dual_Port_RAM} CONFIG.Enable_B {Always_Enabled} CONFIG.Register_PortA_Output_of_Memory_Primitives {true} CONFIG.Port_B_Write_Rate {50}] [get_ips char_ram]
generate_target all [get_files  {{D:/ISE/hw/hw 1/hw.srcs/sources_1/ip/char_ram/char_ram.xci}}]
INFO: [IP_Flow 19-1686] Generating 'Instantiation Template' target for IP 'char_ram'...
INFO: [IP_Flow 19-1686] Generating 'Synthesis' target for IP 'char_ram'...
INFO: [IP_Flow 19-1686] Generating 'Simulation' target for IP 'char_ram'...
INFO: [IP_Flow 19-1686] Generating 'Miscellaneous' target for IP 'char_ram'...
INFO: [IP_Flow 19-1686] Generating 'Change Log' target for IP 'char_ram'...
export_ip_user_files -of_objects [get_files {{D:/ISE/hw/hw 1/hw.srcs/sources_1/ip/char_ram/char_ram.xci}}] -no_script -force -quiet
reset_run char_ram_synth_1
launch_run -jobs 2 char_ram_synth_1
[Wed Sep 13 21:34:30 2017] Launched char_ram_synth_1...
Run output will be captured here: D:/ISE/hw/hw 1/hw.runs/char_ram_synth_1/runme.log
export_simulation -of_objects [get_files {{D:/ISE/hw/hw 1/hw.srcs/sources_1/ip/char_ram/char_ram.xci}}] -directory {D:/ISE/hw/hw 1/hw.ip_user_files/sim_scripts} -ip_user_files_dir {D:/ISE/hw/hw 1/hw.ip_user_files} -ipstatic_source_dir {D:/ISE/hw/hw 1/hw.ip_user_files/ipstatic} -force -quiet
WARNING: [IP_Flow 19-4067] Ignoring invalid widget type specified checkbox.Providing a default widget
WARNING: [IP_Flow 19-4067] Ignoring invalid widget type specified checkbox.Providing a default widget
WARNING: [IP_Flow 19-4067] Ignoring invalid widget type specified checkbox.Providing a default widget
WARNING: [IP_Flow 19-4067] Ignoring invalid widget type specified checkbox.Providing a default widget
WARNING: [IP_Flow 19-4067] Ignoring invalid widget type specified checkbox.Providing a default widget
WARNING: [IP_Flow 19-4067] Ignoring invalid widget type specified checkbox.Providing a default widget
set_property -dict [list CONFIG.Coe_File {D:/ISE/hw/hw 1/hw.srcs/sources_1/ip/RAM_B_1/hw_7.coe}] [get_ips RAM_B]
INFO: [IP_Flow 19-3484] Absolute path of file 'd:/ISE/hw/hw 1/hw.srcs/sources_1/ip/RAM_B_1/hw_7.coe' provided. It will be converted relative to IP Instance files 'hw_7.coe'
generate_target all [get_files  {{D:/ISE/hw/hw 1/hw.srcs/sources_1/ip/RAM_B_1/RAM_B.xci}}]
INFO: [IP_Flow 19-1686] Generating 'Instantiation Template' target for IP 'RAM_B'...
INFO: [IP_Flow 19-1686] Generating 'Synthesis' target for IP 'RAM_B'...
INFO: [IP_Flow 19-1686] Generating 'Simulation' target for IP 'RAM_B'...
INFO: [IP_Flow 19-1686] Generating 'Miscellaneous' target for IP 'RAM_B'...
INFO: [IP_Flow 19-1686] Generating 'Change Log' target for IP 'RAM_B'...
export_ip_user_files -of_objects [get_files {{D:/ISE/hw/hw 1/hw.srcs/sources_1/ip/RAM_B_1/RAM_B.xci}}] -no_script -force -quiet
reset_run RAM_B_synth_1
launch_run -jobs 2 RAM_B_synth_1
[Wed Sep 13 21:53:56 2017] Launched RAM_B_synth_1...
Run output will be captured here: D:/ISE/hw/hw 1/hw.runs/RAM_B_synth_1/runme.log
export_simulation -of_objects [get_files {{D:/ISE/hw/hw 1/hw.srcs/sources_1/ip/RAM_B_1/RAM_B.xci}}] -directory {D:/ISE/hw/hw 1/hw.ip_user_files/sim_scripts} -ip_user_files_dir {D:/ISE/hw/hw 1/hw.ip_user_files} -ipstatic_source_dir {D:/ISE/hw/hw 1/hw.ip_user_files/ipstatic} -force -quiet
reset_run synth_1
launch_runs impl_1 -to_step write_bitstream -jobs 2
[Wed Sep 13 21:54:03 2017] Launched RAM_B_synth_1, synth_1...
Run output will be captured here:
RAM_B_synth_1: D:/ISE/hw/hw 1/hw.runs/RAM_B_synth_1/runme.log
synth_1: D:/ISE/hw/hw 1/hw.runs/synth_1/runme.log
[Wed Sep 13 21:54:04 2017] Launched impl_1...
Run output will be captured here: D:/ISE/hw/hw 1/hw.runs/impl_1/runme.log
reset_run impl_1 -noclean_dir 
reset_run synth_1
launch_runs impl_1 -to_step write_bitstream -jobs 2
[Wed Sep 13 22:08:02 2017] Launched synth_1...
Run output will be captured here: D:/ISE/hw/hw 1/hw.runs/synth_1/runme.log
[Wed Sep 13 22:08:02 2017] Launched impl_1...
Run output will be captured here: D:/ISE/hw/hw 1/hw.runs/impl_1/runme.log
reset_run impl_1 -prev_step 
reset_run synth_1
launch_runs impl_1 -to_step write_bitstream -jobs 2
[Wed Sep 13 22:22:13 2017] Launched synth_1...
Run output will be captured here: D:/ISE/hw/hw 1/hw.runs/synth_1/runme.log
[Wed Sep 13 22:22:13 2017] Launched impl_1...
Run output will be captured here: D:/ISE/hw/hw 1/hw.runs/impl_1/runme.log
exit
INFO: [Common 17-206] Exiting Vivado at Thu Sep 14 00:22:03 2017...
