#-----------------------------------------------------------
# Vivado v2016.2 (64-bit)
# SW Build 1577090 on Thu Jun  2 16:32:40 MDT 2016
# IP Build 1577682 on Fri Jun  3 12:00:54 MDT 2016
# Start of session at: Tue Sep 12 21:59:40 2017
# Process ID: 16856
# Current directory: D:/ISE/hw/hw
# Command line: vivado.exe -gui_launcher_event rodinguilauncherevent20344 D:\ISE\hw\hw\hw.xpr
# Log file: D:/ISE/hw/hw/vivado.log
# Journal file: D:/ISE/hw/hw\vivado.jou
#-----------------------------------------------------------
start_gui
open_project D:/ISE/hw/hw/hw.xpr
Scanning sources...
Finished scanning sources
INFO: [IP_Flow 19-234] Refreshing IP repositories
INFO: [IP_Flow 19-1704] No user IP repositories specified
INFO: [IP_Flow 19-2313] Loaded Vivado IP repository 'E:/Vivado/2016.2/data/ip'.
open_project: Time (s): cpu = 00:00:48 ; elapsed = 00:00:31 . Memory (MB): peak = 859.555 ; gain = 196.801
update_compile_order -fileset sources_1
exit
INFO: [Common 17-206] Exiting Vivado at Tue Sep 12 22:12:37 2017...
