#-----------------------------------------------------------
# Vivado v2016.2 (64-bit)
# SW Build 1577090 on Thu Jun  2 16:32:40 MDT 2016
# IP Build 1577682 on Fri Jun  3 12:00:54 MDT 2016
# Start of session at: Sat Apr 14 21:07:57 2018
# Process ID: 325272
# Current directory: D:/ISE/hw/hw 1
# Command line: vivado.exe -gui_launcher_event rodinguilauncherevent325552 D:\ISE\hw\hw 1\hw.xpr
# Log file: D:/ISE/hw/hw 1/vivado.log
# Journal file: D:/ISE/hw/hw 1\vivado.jou
#-----------------------------------------------------------
start_gui
open_project {D:/ISE/hw/hw 1/hw.xpr}
Scanning sources...
Finished scanning sources
INFO: [IP_Flow 19-234] Refreshing IP repositories
INFO: [IP_Flow 19-1704] No user IP repositories specified
INFO: [IP_Flow 19-2313] Loaded Vivado IP repository 'E:/Vivado/2016.2/data/ip'.
open_project: Time (s): cpu = 00:00:41 ; elapsed = 00:00:22 . Memory (MB): peak = 809.809 ; gain = 148.238
update_compile_order -fileset sources_1
reset_run synth_1
launch_runs impl_1 -to_step write_bitstream -jobs 2
[Sat Apr 14 21:11:47 2018] Launched synth_1...
Run output will be captured here: D:/ISE/hw/hw 1/hw.runs/synth_1/runme.log
[Sat Apr 14 21:11:47 2018] Launched impl_1...
Run output will be captured here: D:/ISE/hw/hw 1/hw.runs/impl_1/runme.log
reset_run impl_1 -prev_step 
INFO: [Device 21-403] Loading part xc7k325tffg676-2L
WARNING: [IP_Flow 19-4067] Ignoring invalid widget type specified checkbox.Providing a default widget
WARNING: [IP_Flow 19-4067] Ignoring invalid widget type specified checkbox.Providing a default widget
set_property -dict [list CONFIG.Coe_File {D:/ISE/hw/hw 1/hw.srcs/sources_1/ip/RAM_B_1/final_arrow23.coe}] [get_ips RAM_B]
INFO: [IP_Flow 19-3484] Absolute path of file 'd:/ISE/hw/hw 1/hw.srcs/sources_1/ip/RAM_B_1/final_arrow23.coe' provided. It will be converted relative to IP Instance files 'final_arrow23.coe'
generate_target all [get_files  {{D:/ISE/hw/hw 1/hw.srcs/sources_1/ip/RAM_B_1/RAM_B.xci}}]
INFO: [IP_Flow 19-1686] Generating 'Instantiation Template' target for IP 'RAM_B'...
INFO: [IP_Flow 19-1686] Generating 'Synthesis' target for IP 'RAM_B'...
INFO: [IP_Flow 19-1686] Generating 'Simulation' target for IP 'RAM_B'...
INFO: [IP_Flow 19-1686] Generating 'Miscellaneous' target for IP 'RAM_B'...
INFO: [IP_Flow 19-1686] Generating 'Change Log' target for IP 'RAM_B'...
export_ip_user_files -of_objects [get_files {{D:/ISE/hw/hw 1/hw.srcs/sources_1/ip/RAM_B_1/RAM_B.xci}}] -no_script -force -quiet
reset_run RAM_B_synth_1
launch_run -jobs 2 RAM_B_synth_1
[Sat Apr 14 21:22:44 2018] Launched RAM_B_synth_1...
Run output will be captured here: D:/ISE/hw/hw 1/hw.runs/RAM_B_synth_1/runme.log
export_simulation -of_objects [get_files {{D:/ISE/hw/hw 1/hw.srcs/sources_1/ip/RAM_B_1/RAM_B.xci}}] -directory {D:/ISE/hw/hw 1/hw.ip_user_files/sim_scripts} -ip_user_files_dir {D:/ISE/hw/hw 1/hw.ip_user_files} -ipstatic_source_dir {D:/ISE/hw/hw 1/hw.ip_user_files/ipstatic} -force -quiet
reset_run synth_1
launch_runs impl_1 -to_step write_bitstream -jobs 2
[Sat Apr 14 21:22:59 2018] Launched RAM_B_synth_1, synth_1...
Run output will be captured here:
RAM_B_synth_1: D:/ISE/hw/hw 1/hw.runs/RAM_B_synth_1/runme.log
synth_1: D:/ISE/hw/hw 1/hw.runs/synth_1/runme.log
[Sat Apr 14 21:22:59 2018] Launched impl_1...
Run output will be captured here: D:/ISE/hw/hw 1/hw.runs/impl_1/runme.log
open_hw
connect_hw_server
INFO: [Labtools 27-2285] Connecting to hw_server url TCP:localhost:3121
INFO: [Labtools 27-2222] Launching hw_server...
INFO: [Labtools 27-2221] Launch Output:

****** Xilinx hw_server v2016.2
  **** Build date : Jun  2 2016-16:57:03
    ** Copyright 1986-2016 Xilinx, Inc. All Rights Reserved.


connect_hw_server: Time (s): cpu = 00:00:00 ; elapsed = 00:00:06 . Memory (MB): peak = 1064.590 ; gain = 0.000
open_hw_target
INFO: [Labtoolstcl 44-466] Opening hw_target localhost:3121/xilinx_tcf/Digilent/201612300081
set_property PROGRAM.FILE {D:/ISE/hw/hw 1/hw.runs/impl_1/top.bit} [lindex [get_hw_devices] 0]
current_hw_device [lindex [get_hw_devices] 0]
refresh_hw_device -update_hw_probes false [lindex [get_hw_devices] 0]
INFO: [Labtools 27-1434] Device xc7k325t (JTAG device index = 0) is programmed with a design that has no supported debug core(s) in it.
WARNING: [Labtools 27-3123] The debug hub core was not detected at User Scan Chain 1 or 3.
Resolution: 
1. Make sure the clock connected to the debug hub (dbg_hub) core is a free running clock and is active OR
2. Manually launch hw_server with -e "set xsdb-user-bscan <C_USER_SCAN_CHAIN scan_chain_number>" to detect the debug hub at User Scan Chain of 2 or 4. To determine the user scan chain setting, open the implemented design and use: get_property C_USER_SCAN_CHAIN [get_debug_cores dbg_hub].
set_property PROBES.FILE {} [lindex [get_hw_devices] 0]
set_property PROGRAM.FILE {D:/ISE/hw/hw 1/hw.runs/impl_1/top.bit} [lindex [get_hw_devices] 0]
program_hw_devices [lindex [get_hw_devices] 0]
INFO: [Labtools 27-3164] End of startup status: HIGH
program_hw_devices: Time (s): cpu = 00:00:11 ; elapsed = 00:00:10 . Memory (MB): peak = 1149.297 ; gain = 0.000
refresh_hw_device [lindex [get_hw_devices] 0]
INFO: [Labtools 27-1434] Device xc7k325t (JTAG device index = 0) is programmed with a design that has no supported debug core(s) in it.
WARNING: [Labtools 27-3123] The debug hub core was not detected at User Scan Chain 1 or 3.
Resolution: 
1. Make sure the clock connected to the debug hub (dbg_hub) core is a free running clock and is active OR
2. Manually launch hw_server with -e "set xsdb-user-bscan <C_USER_SCAN_CHAIN scan_chain_number>" to detect the debug hub at User Scan Chain of 2 or 4. To determine the user scan chain setting, open the implemented design and use: get_property C_USER_SCAN_CHAIN [get_debug_cores dbg_hub].
exit
INFO: [Common 17-206] Exiting Vivado at Sat Apr 14 21:39:47 2018...
