INFO: [VRFC 10-2263] Analyzing SystemVerilog file "E:/Vivado/2016.2/data/ip/xpm/xpm_memory/hdl/xpm_memory_base.sv" into library xil_defaultlib
INFO: [VRFC 10-311] analyzing module xpm_memory_base
INFO: [VRFC 10-2263] Analyzing SystemVerilog file "E:/Vivado/2016.2/data/ip/xpm/xpm_memory/hdl/xpm_memory_dpdistram.sv" into library xil_defaultlib
INFO: [VRFC 10-311] analyzing module xpm_memory_dpdistram
INFO: [VRFC 10-2263] Analyzing SystemVerilog file "E:/Vivado/2016.2/data/ip/xpm/xpm_memory/hdl/xpm_memory_dprom.sv" into library xil_defaultlib
INFO: [VRFC 10-311] analyzing module xpm_memory_dprom
INFO: [VRFC 10-2263] Analyzing SystemVerilog file "E:/Vivado/2016.2/data/ip/xpm/xpm_memory/hdl/xpm_memory_sdpram.sv" into library xil_defaultlib
INFO: [VRFC 10-311] analyzing module xpm_memory_sdpram
INFO: [VRFC 10-2263] Analyzing SystemVerilog file "E:/Vivado/2016.2/data/ip/xpm/xpm_memory/hdl/xpm_memory_spram.sv" into library xil_defaultlib
INFO: [VRFC 10-311] analyzing module xpm_memory_spram
INFO: [VRFC 10-2263] Analyzing SystemVerilog file "E:/Vivado/2016.2/data/ip/xpm/xpm_memory/hdl/xpm_memory_sprom.sv" into library xil_defaultlib
INFO: [VRFC 10-311] analyzing module xpm_memory_sprom
INFO: [VRFC 10-2263] Analyzing SystemVerilog file "E:/Vivado/2016.2/data/ip/xpm/xpm_memory/hdl/xpm_memory_tdpram.sv" into library xil_defaultlib
INFO: [VRFC 10-311] analyzing module xpm_memory_tdpram
INFO: [VRFC 10-2263] Analyzing Verilog file "D:/ISE/hw/hw/hw.srcs/sources_1/imports/migrate/Ext_32.v" into library xil_defaultlib
INFO: [VRFC 10-311] analyzing module Ext_32
INFO: [VRFC 10-2263] Analyzing Verilog file "D:/ISE/hw/hw/hw.srcs/sources_1/imports/migrate/regs.v" into library xil_defaultlib
INFO: [VRFC 10-311] analyzing module Regs
INFO: [VRFC 10-2263] Analyzing Verilog file "D:/ISE/hw/hw/hw.srcs/sources_1/imports/migrate/MUX4T1_5.v" into library xil_defaultlib
INFO: [VRFC 10-311] analyzing module MUX4T1_5
INFO: [VRFC 10-2263] Analyzing Verilog file "D:/ISE/hw/hw/hw.srcs/sources_1/imports/migrate/REG32.v" into library xil_defaultlib
INFO: [VRFC 10-311] analyzing module REG32
INFO: [VRFC 10-2263] Analyzing Verilog file "D:/ISE/hw/hw/hw.srcs/sources_1/imports/migrate/MUX2T1_32.v" into library xil_defaultlib
INFO: [VRFC 10-311] analyzing module MUX2T1_32
INFO: [VRFC 10-2263] Analyzing Verilog file "D:/ISE/hw/hw/hw.srcs/sources_1/imports/migrate/ALU_v.v" into library xil_defaultlib
INFO: [VRFC 10-311] analyzing module alu
INFO: [VRFC 10-2263] Analyzing Verilog file "D:/ISE/hw/hw/hw.srcs/sources_1/imports/migrate/MUX4T1_32.v" into library xil_defaultlib
INFO: [VRFC 10-311] analyzing module MUX4T1_32
INFO: [VRFC 10-2263] Analyzing Verilog file "D:/ISE/hw/hw/hw.srcs/sources_1/imports/migrate/MDPath.v" into library xil_defaultlib
INFO: [VRFC 10-311] analyzing module MDPath
INFO: [VRFC 10-2263] Analyzing Verilog file "D:/ISE/hw/hw/hw.srcs/sources_1/imports/migrate/MCtrl.v" into library xil_defaultlib
INFO: [VRFC 10-311] analyzing module MCtrl
INFO: [VRFC 10-2263] Analyzing Verilog file "D:/ISE/hw/hw/hw.srcs/sources_1/imports/migrate/MCPU.v" into library xil_defaultlib
INFO: [VRFC 10-311] analyzing module MCPU
INFO: [VRFC 10-2263] Analyzing Verilog file "D:/ISE/hw/hw/hw.srcs/sources_1/imports/migrate/cputst.v" into library xil_defaultlib
INFO: [VRFC 10-311] analyzing module cputst
INFO: [VRFC 10-2263] Analyzing Verilog file "D:/ISE/hw/hw/hw.sim/sim_1/behav/glbl.v" into library xil_defaultlib
INFO: [VRFC 10-311] analyzing module glbl
