Copyright 1986-2016 Xilinx, Inc. All Rights Reserved.
-------------------------------------------------------------------------------------------------------------------------------
| Tool Version     : Vivado v.2016.2 (win64) Build 1577090 Thu Jun  2 16:32:40 MDT 2016
| Date             : Sat Apr 14 21:35:49 2018
| Host             : DESKTOP-1AKSB4I running 64-bit major release  (build 9200)
| Command          : report_power -file top_power_routed.rpt -pb top_power_summary_routed.pb -rpx top_power_routed.rpx
| Design           : top
| Device           : xc7k325tffg676-2L
| Design State     : routed
| Grade            : extended
| Process          : typical
| Characterization : Production
-------------------------------------------------------------------------------------------------------------------------------

Power Report

Table of Contents
-----------------
1. Summary
1.1 On-Chip Components
1.2 Power Supply Summary
1.3 Confidence Level
2. Settings
2.1 Environment
2.2 Clock Constraints
3. Detailed Reports
3.1 By Hierarchy

1. Summary
----------

+--------------------------+--------+
| Total On-Chip Power (W)  | 28.066 |
| Dynamic (W)              | 27.286 |
| Device Static (W)        | 0.780  |
| Effective TJA (C/W)      | 1.9    |
| Max Ambient (C)          | 47.0   |
| Junction Temperature (C) | 78.0   |
| Confidence Level         | Low    |
| Setting File             | ---    |
| Simulation Activity File | ---    |
| Design Nets Matched      | NA     |
+--------------------------+--------+


1.1 On-Chip Components
----------------------

+--------------------------+-----------+----------+-----------+-----------------+
| On-Chip                  | Power (W) | Used     | Available | Utilization (%) |
+--------------------------+-----------+----------+-----------+-----------------+
| Slice Logic              |     4.170 |     5301 |       --- |             --- |
|   LUT as Logic           |     3.706 |     2820 |    203800 |            1.38 |
|   CARRY4                 |     0.191 |      100 |     50950 |            0.20 |
|   BUFG                   |     0.119 |        8 |        32 |           25.00 |
|   Register               |     0.078 |     1579 |    407600 |            0.39 |
|   F7/F8 Muxes            |     0.076 |      481 |    203800 |            0.24 |
|   LUT as Distributed RAM |    <0.001 |        8 |     64000 |            0.01 |
|   Others                 |     0.000 |       87 |       --- |             --- |
| Signals                  |     4.480 |     4286 |       --- |             --- |
| Block RAM                |     3.278 |        7 |       445 |            1.57 |
| I/O                      |    15.358 |       71 |       400 |           17.75 |
| Static Power             |     0.780 |          |           |                 |
| Total                    |    28.066 |          |           |                 |
+--------------------------+-----------+----------+-----------+-----------------+


1.2 Power Supply Summary
------------------------

+-----------+-------------+-----------+-------------+------------+
| Source    | Voltage (V) | Total (A) | Dynamic (A) | Static (A) |
+-----------+-------------+-----------+-------------+------------+
| Vccint    |       1.000 |    12.367 |      11.748 |      0.619 |
| Vccaux    |       1.800 |     0.617 |       0.560 |      0.058 |
| Vcco33    |       3.300 |     4.306 |       4.305 |      0.001 |
| Vcco25    |       2.500 |     0.000 |       0.000 |      0.000 |
| Vcco18    |       1.800 |     0.010 |       0.009 |      0.001 |
| Vcco15    |       1.500 |     0.020 |       0.019 |      0.001 |
| Vcco135   |       1.350 |     0.000 |       0.000 |      0.000 |
| Vcco12    |       1.200 |     0.000 |       0.000 |      0.000 |
| Vccaux_io |       1.800 |     0.000 |       0.000 |      0.000 |
| Vccbram   |       1.000 |     0.297 |       0.282 |      0.015 |
| MGTAVcc   |       1.000 |     0.000 |       0.000 |      0.000 |
| MGTAVtt   |       1.200 |     0.000 |       0.000 |      0.000 |
| MGTVccaux |       1.800 |     0.000 |       0.000 |      0.000 |
| Vccadc    |       1.800 |     0.020 |       0.000 |      0.020 |
+-----------+-------------+-----------+-------------+------------+


1.3 Confidence Level
--------------------

+-----------------------------+------------+--------------------------------------------------------+--------------------------------------------------------------------------------------------------------------------+
| User Input Data             | Confidence | Details                                                | Action                                                                                                             |
+-----------------------------+------------+--------------------------------------------------------+--------------------------------------------------------------------------------------------------------------------+
| Design implementation state | High       | Design is routed                                       |                                                                                                                    |
| Clock nodes activity        | Low        | User specified less than 75% of clocks                 | Provide missing clock activity with a constraint file, simulation results or by editing the "By Clock Domain" view |
| I/O nodes activity          | Low        | More than 75% of inputs are missing user specification | Provide missing input activity with simulation results or by editing the "By Resource Type -> I/Os" view           |
| Internal nodes activity     | Medium     | User specified less than 25% of internal nodes         | Provide missing internal nodes activity with simulation results or by editing the "By Resource Type" views         |
| Device models               | High       | Device models are Production                           |                                                                                                                    |
|                             |            |                                                        |                                                                                                                    |
| Overall confidence level    | Low        |                                                        |                                                                                                                    |
+-----------------------------+------------+--------------------------------------------------------+--------------------------------------------------------------------------------------------------------------------+


2. Settings
-----------

2.1 Environment
---------------

+-----------------------+--------------------------+
| Ambient Temp (C)      | 25.0                     |
| ThetaJA (C/W)         | 1.9                      |
| Airflow (LFM)         | 250                      |
| Heat Sink             | medium (Medium Profile)  |
| ThetaSA (C/W)         | 3.4                      |
| Board Selection       | medium (10"x10")         |
| # of Board Layers     | 12to15 (12 to 15 Layers) |
| Board Temperature (C) | 25.0                     |
+-----------------------+--------------------------+


2.2 Clock Constraints
---------------------

+-------+--------+-----------------+
| Clock | Domain | Constraint (ns) |
+-------+--------+-----------------+


3. Detailed Reports
-------------------

3.1 By Hierarchy
----------------

+----------------------------------------------+-----------+
| Name                                         | Power (W) |
+----------------------------------------------+-----------+
| top                                          |    27.286 |
|   U0                                         |     0.029 |
|   U1                                         |     2.331 |
|     Cotroller                                |     0.500 |
|     DataPath                                 |     1.832 |
|       ALUOut                                 |     0.796 |
|       IR                                     |     0.102 |
|       PC                                     |     0.284 |
|       U1                                     |     0.001 |
|       U2                                     |     0.587 |
|       mdr                                    |     0.061 |
|   U10                                        |     0.297 |
|   U11                                        |     1.494 |
|   U12                                        |     0.047 |
|     fifo_reg_0_7_0_5                         |    <0.001 |
|     fifo_reg_0_7_6_7                         |    <0.001 |
|   U13                                        |     2.667 |
|     U0                                       |     2.667 |
|       inst_blk_mem_gen                       |     2.667 |
|         gnbram.gnativebmg.native_blk_mem_gen |     2.667 |
|           valid.cstr                         |     2.667 |
|             bindec_a.bindec_inst_a           |    <0.001 |
|             bindec_b.bindec_inst_b           |     0.005 |
|             has_mux_a.A                      |    <0.001 |
|             has_mux_b.B                      |     0.305 |
|             ramloop[0].ram.r                 |     0.952 |
|               prim_noinit.ram                |     0.952 |
|             ramloop[1].ram.r                 |     0.054 |
|               prim_noinit.ram                |     0.054 |
|             ramloop[2].ram.r                 |     0.451 |
|               prim_noinit.ram                |     0.451 |
|             ramloop[3].ram.r                 |     0.451 |
|               prim_noinit.ram                |     0.451 |
|             ramloop[4].ram.r                 |     0.451 |
|               prim_noinit.ram                |     0.451 |
|   U14                                        |     1.524 |
|   U3                                         |     1.115 |
|     U0                                       |     1.115 |
|       inst_blk_mem_gen                       |     1.115 |
|         gnbram.gnativebmg.native_blk_mem_gen |     1.115 |
|           valid.cstr                         |     1.115 |
|             ramloop[0].ram.r                 |     0.571 |
|               prim_init.ram                  |     0.571 |
|             ramloop[1].ram.r                 |     0.544 |
|               prim_init.ram                  |     0.544 |
|   U5                                         |    <0.001 |
|   U6                                         |     0.849 |
|     M2                                       |     0.382 |
|     SM1                                      |     0.467 |
|       M0                                     |     0.064 |
|       M1                                     |     0.060 |
|       M2                                     |     0.061 |
|       M3                                     |     0.054 |
|       M4                                     |     0.055 |
|       M5                                     |     0.055 |
|       M6                                     |     0.063 |
|       M7                                     |     0.056 |
|   U61                                        |     0.187 |
|   U7                                         |     0.151 |
|     P2LED                                    |     0.072 |
|   U71                                        |    <0.001 |
|   U8                                         |     0.248 |
|   U9                                         |     0.450 |
+----------------------------------------------+-----------+


