Exception at PC 0x00007FFCF63D9CEA
Exception at PC 0x00007FFCF63D9CEA
Exception at PC 0x00007FFCF63D9CEA
Exception at PC 0x00007FFCF63D9CEA
Exception at PC 0x00007FFCF63D9CEA
Exception at PC 0x00007FFCF63D9CEA
Exception at PC 0x00007FFCF63D9CEA
Exception at PC 0x00007FFCF63D8A2D
Exception at PC 0x00007FFCF63D9CEA
Exception at PC 0x00007FFCF63D9CEA
Unable to capture context for thread 8540 in process 16420, can not generate back trace
Exception at PC 0x00007FFCC320BB93
Printing stacktrace...

Exception at PC 0x00007FFCF6409E08
Exception at PC 0x00007FFCF6409E08
Exception at PC 0x00007FFCF6409E08
Exception at PC 0x00007FFCF6409E08
Exception at PC 0x00007FFCF6409E08
Exception at PC 0x00007FFCF6409E08
Exception at PC 0x00007FFCF6409E08
Exception at PC 0x00007FFCF6409E08
Exception at PC 0x00007FFCF6409E08
Exception at PC 0x00007FFCF6409E08
Exception at PC 0x00007FFCF6409E08
Exception at PC 0x00007FFCF6409E08
Exception at PC 0x00007FFCF6409E08
Exception at PC 0x00007FFCF6409E08
Exception at PC 0x00007FFCF6409E08
[0]  [0x00007FFCC320BB93]
[1]  [0x00007FFCC320BB93]
[2]  [0x00007FFCC320B4A1]
[3]  [0x00007FFCC320B3EF]
[4]  [0x00007FFCC31F19FE]
[5]  [0x00007FFCC31F0ED1]
[6]  [0x00007FFCC31F0D76]
[7]  [0x00007FFCC31979F6]
[8]  [0x00007FFCC3187AFB]
[9]  [0x00007FFCC32AE90A]
[10]  [0x00007FFCC32C9F87]
[11]  [0x00007FFCC32CA05F]
[12] (BaseThreadInitThunk+0x14) [0x00007FFCF9872774]
[13] (RtlUserThreadStart+0x21) [0x00007FFCF9B90D51]
Done
Exception at PC 0x00007FFCF6409E08
Exception at PC 0x00007FFCF6409E08
Exception at PC 0x00007FFCF63D9CEA
Exception at PC 0x00007FFCF63D9CEA
